Arguments: 
  /Users/damondeletter/.nvm/versions/node/v18.14.2/bin/node /usr/local/Cellar/yarn/1.22.19/libexec/bin/yarn.js add https:

PATH: 
  /Users/damondeletter/.nvm/versions/node/v18.14.2/bin:/usr/local/bin:/System/Cryptexes/App/usr/bin:/usr/bin:/bin:/usr/sbin:/sbin:/usr/local/bin/python3:/Library/TeX/texbin:/usr/local/share/dotnet:~/.dotnet/tools:/Library/Apple/usr/bin:/Library/Frameworks/Mono.framework/Versions/Current/Commands:/Users/damondeletter/.dotnet/tools:/Users/damondeletter/flutter/bin:/Users/damondeletter/Desktop/Overige/ditgaatlukken/solid/node_modules/.bin

Yarn version: 
  1.22.19

Node version: 
  18.14.2

Platform: 
  darwin x64

Trace: 
  Error: https://registry.npmjs.org/https:: Not found
      at params.callback [as _callback] (/usr/local/Cellar/yarn/1.22.19/libexec/lib/cli.js:66145:18)
      at self.callback (/usr/local/Cellar/yarn/1.22.19/libexec/lib/cli.js:140890:22)
      at Request.emit (node:events:513:28)
      at Request.<anonymous> (/usr/local/Cellar/yarn/1.22.19/libexec/lib/cli.js:141862:10)
      at Request.emit (node:events:513:28)
      at IncomingMessage.<anonymous> (/usr/local/Cellar/yarn/1.22.19/libexec/lib/cli.js:141784:12)
      at Object.onceWrapper (node:events:627:28)
      at IncomingMessage.emit (node:events:525:35)
      at endReadableNT (node:internal/streams/readable:1359:12)
      at process.processTicksAndRejections (node:internal/process/task_queues:82:21)

npm manifest: 
  {
    "name": "solid",
    "version": "1.0.0",
    "description": "",
    "keywords": [
      "pilet"
    ],
    "devDependencies": {
      "@types/node": "latest",
      "@types/react": "^18",
      "@types/react-dom": "^18",
      "piral-cli": "0.15.8",
      "piral-cli-parcel": "^0.15.0",
      "react": "18.2.0",
      "react-dom": "18.2.0",
      "react-router": "5.3.4",
      "react-router-dom": "5.3.4",
      "tslib": "2.5.0",
      "typescript": "latest",
      "solid-js": "^1.7.3",
      "webshop-shell": "file:../webshop-shell/dist/emulator/webshop-shell-1.0.3.tgz"
    },
    "browser": {
      "solid-js": "https://cdn.skypack.dev/solid-js?dts"
    },
    "scripts": {
      "start": "pilet debug",
      "build": "pilet build",
      "upgrade": "pilet upgrade"
    },
    "main": "dist/index.js",
    "files": [
      "dist"
    ],
    "source": "src/index.tsx",
    "importmap": {
      "imports": {},
      "inherit": [
        "webshop-shell"
      ]
    },
    "dependencies": {
    }
  }

yarn manifest: 
  No manifest

Lockfile: 
  No lockfile
